[15328:6920:0428/142726.399:ERROR:network_change_notifier_win.cc(156)] WSALookupServiceBegin failed with: 0
[15328:6920:0428/142731.490:INFO:CONSOLE(1)] "[bugsnag]", source: https://www.411.com/packs/application-2339f8fd48d0b6cd9459.js (1)
[15328:6920:0428/142733.118:INFO:CONSOLE(1)] "SW registered: ", source: https://www.411.com/packs/application-2339f8fd48d0b6cd9459.js (1)
[15328:16128:0428/142735.473:ERROR:platform_sensor_reader_win.cc(243)] NOT IMPLEMENTED
[15328:6920:0428/142736.003:INFO:CONSOLE(1)] "The AudioContext was not allowed to start. It must be resumed (or created) after a user gesture on the page. https://goo.gl/7K7WLu", source: https://static.geetest.com/static/js/fullpage.8.7.0.js (1)
[15328:6920:0428/142736.011:INFO:CONSOLE(1)] "The AudioContext was not allowed to start. It must be resumed (or created) after a user gesture on the page. https://goo.gl/7K7WLu", source: https://static.geetest.com/static/js/fullpage.8.7.0.js (1)
[15328:16128:0428/142739.112:ERROR:platform_sensor_reader_win.cc(243)] NOT IMPLEMENTED
[15328:6920:0428/142747.290:INFO:CONSOLE(1)] "[bugsnag]", source: https://www.411.com/packs/application-2339f8fd48d0b6cd9459.js (1)
[15328:6920:0428/142747.534:INFO:CONSOLE(0)] "[DOM] Found 4 elements with non-unique id #country_code: (More info: https://goo.gl/9p2vKq) %o %o %o %o", source: https://www.411.com/address/3124-Buffalo-Nvno/Zionville-NC/2q6LRcs3zxYBNYP7O5zRB5 (0)
[15328:6920:0428/142747.534:INFO:CONSOLE(0)] "[DOM] Found 4 elements with non-unique id #email_address: (More info: https://goo.gl/9p2vKq) %o %o %o %o", source: https://www.411.com/address/3124-Buffalo-Nvno/Zionville-NC/2q6LRcs3zxYBNYP7O5zRB5 (0)
[15328:6920:0428/142747.535:INFO:CONSOLE(0)] "[DOM] Found 4 elements with non-unique id #full_phone: (More info: https://goo.gl/9p2vKq) %o %o %o %o", source: https://www.411.com/address/3124-Buffalo-Nvno/Zionville-NC/2q6LRcs3zxYBNYP7O5zRB5 (0)
[15328:6920:0428/142747.536:INFO:CONSOLE(0)] "[DOM] Found 4 elements with non-unique id #iso_code: (More info: https://goo.gl/9p2vKq) %o %o %o %o", source: https://www.411.com/address/3124-Buffalo-Nvno/Zionville-NC/2q6LRcs3zxYBNYP7O5zRB5 (0)
[15328:6920:0428/142747.538:INFO:CONSOLE(0)] "[DOM] Found 4 elements with non-unique id #key: (More info: https://goo.gl/9p2vKq) %o %o %o %o", source: https://www.411.com/address/3124-Buffalo-Nvno/Zionville-NC/2q6LRcs3zxYBNYP7O5zRB5 (0)
[15328:6920:0428/142747.539:INFO:CONSOLE(0)] "[DOM] Found 4 elements with non-unique id #street: (More info: https://goo.gl/9p2vKq) %o %o %o %o", source: https://www.411.com/address/3124-Buffalo-Nvno/Zionville-NC/2q6LRcs3zxYBNYP7O5zRB5 (0)
[15328:6920:0428/142747.542:INFO:CONSOLE(0)] "[DOM] Found 12 elements with non-unique id #where: (More info: https://goo.gl/9p2vKq) %o %o %o %o %o %o %o %o %o %o %o %o", source: https://www.411.com/address/3124-Buffalo-Nvno/Zionville-NC/2q6LRcs3zxYBNYP7O5zRB5 (0)
[15328:6920:0428/142747.542:INFO:CONSOLE(0)] "[DOM] Found 4 elements with non-unique id #who: (More info: https://goo.gl/9p2vKq) %o %o %o %o", source: https://www.411.com/address/3124-Buffalo-Nvno/Zionville-NC/2q6LRcs3zxYBNYP7O5zRB5 (0)
[15328:6920:0428/142747.543:INFO:CONSOLE(0)] "[DOM] Input elements should have autocomplete attributes (suggested: "current-password"): (More info: https://goo.gl/9p2vKq) %o", source: https://www.411.com/address/3124-Buffalo-Nvno/Zionville-NC/2q6LRcs3zxYBNYP7O5zRB5 (0)
[15328:6920:0428/142747.882:INFO:CONSOLE(1)] "%c Map %c %s", source: https://www.411.com/packs/application-2339f8fd48d0b6cd9459.js (1)
[15328:6920:0428/142749.052:INFO:CONSOLE(1)] "SW registered: ", source: https://www.411.com/packs/application-2339f8fd48d0b6cd9459.js (1)
[15328:6920:0428/142750.600:INFO:CONSOLE(1)] "%c Map %c %s", source: https://www.411.com/packs/application-2339f8fd48d0b6cd9459.js (1)
[15328:6920:0428/142751.045:INFO:CONSOLE(588)] "Powered by AMP ⚡ HTML – Version 1904200955460", source: https://cdn.ampproject.org/rtv/011904200955460/amp4ads-v0.js (588)
[15328:6920:0428/142751.152:INFO:CONSOLE(588)] "Powered by AMP ⚡ HTML – Version 1904200955460", source: https://cdn.ampproject.org/rtv/011904200955460/amp4ads-v0.js (588)
[15328:6920:0428/142752.230:INFO:CONSOLE(32)] "a: 0.0087890625ms", source: https://static.adsafeprotected.com/sca.17.4.95.js (32)
