[14456:15020:0428/160017.036:ERROR:network_change_notifier_win.cc(156)] WSALookupServiceBegin failed with: 0
[14456:15020:0428/160021.231:INFO:CONSOLE(1)] "[bugsnag]", source: https://www.411.com/packs/application-2339f8fd48d0b6cd9459.js (1)
[14456:15020:0428/160022.473:INFO:CONSOLE(1)] "SW registered: ", source: https://www.411.com/packs/application-2339f8fd48d0b6cd9459.js (1)
[14456:8672:0428/160023.770:ERROR:platform_sensor_reader_win.cc(243)] NOT IMPLEMENTED
[14456:15020:0428/160024.230:INFO:CONSOLE(1)] "The AudioContext was not allowed to start. It must be resumed (or created) after a user gesture on the page. https://goo.gl/7K7WLu", source: https://static.geetest.com/static/js/fullpage.8.7.0.js (1)
[14456:15020:0428/160024.237:INFO:CONSOLE(1)] "The AudioContext was not allowed to start. It must be resumed (or created) after a user gesture on the page. https://goo.gl/7K7WLu", source: https://static.geetest.com/static/js/fullpage.8.7.0.js (1)
[14456:8672:0428/160025.323:ERROR:platform_sensor_reader_win.cc(243)] NOT IMPLEMENTED
[14456:15020:0428/160036.576:INFO:CONSOLE(1)] "[bugsnag]", source: https://www.411.com/packs/application-2339f8fd48d0b6cd9459.js (1)
[14456:15020:0428/160036.764:INFO:CONSOLE(0)] "[DOM] Found 4 elements with non-unique id #country_code: (More info: https://goo.gl/9p2vKq) %o %o %o %o", source: https://www.411.com/address/121-Clubhouse-Rd/Beech-Mountain-NC/4T0O3D3Uohy9RcKiHbUtN (0)
[14456:15020:0428/160036.764:INFO:CONSOLE(0)] "[DOM] Found 4 elements with non-unique id #email_address: (More info: https://goo.gl/9p2vKq) %o %o %o %o", source: https://www.411.com/address/121-Clubhouse-Rd/Beech-Mountain-NC/4T0O3D3Uohy9RcKiHbUtN (0)
[14456:15020:0428/160036.764:INFO:CONSOLE(0)] "[DOM] Found 4 elements with non-unique id #full_phone: (More info: https://goo.gl/9p2vKq) %o %o %o %o", source: https://www.411.com/address/121-Clubhouse-Rd/Beech-Mountain-NC/4T0O3D3Uohy9RcKiHbUtN (0)
[14456:15020:0428/160036.765:INFO:CONSOLE(0)] "[DOM] Found 4 elements with non-unique id #iso_code: (More info: https://goo.gl/9p2vKq) %o %o %o %o", source: https://www.411.com/address/121-Clubhouse-Rd/Beech-Mountain-NC/4T0O3D3Uohy9RcKiHbUtN (0)
[14456:15020:0428/160036.765:INFO:CONSOLE(0)] "[DOM] Found 4 elements with non-unique id #key: (More info: https://goo.gl/9p2vKq) %o %o %o %o", source: https://www.411.com/address/121-Clubhouse-Rd/Beech-Mountain-NC/4T0O3D3Uohy9RcKiHbUtN (0)
[14456:15020:0428/160036.765:INFO:CONSOLE(0)] "[DOM] Found 4 elements with non-unique id #street: (More info: https://goo.gl/9p2vKq) %o %o %o %o", source: https://www.411.com/address/121-Clubhouse-Rd/Beech-Mountain-NC/4T0O3D3Uohy9RcKiHbUtN (0)
[14456:15020:0428/160036.766:INFO:CONSOLE(0)] "[DOM] Found 12 elements with non-unique id #where: (More info: https://goo.gl/9p2vKq) %o %o %o %o %o %o %o %o %o %o %o %o", source: https://www.411.com/address/121-Clubhouse-Rd/Beech-Mountain-NC/4T0O3D3Uohy9RcKiHbUtN (0)
[14456:15020:0428/160036.766:INFO:CONSOLE(0)] "[DOM] Found 4 elements with non-unique id #who: (More info: https://goo.gl/9p2vKq) %o %o %o %o", source: https://www.411.com/address/121-Clubhouse-Rd/Beech-Mountain-NC/4T0O3D3Uohy9RcKiHbUtN (0)
[14456:15020:0428/160036.767:INFO:CONSOLE(0)] "[DOM] Input elements should have autocomplete attributes (suggested: "current-password"): (More info: https://goo.gl/9p2vKq) %o", source: https://www.411.com/address/121-Clubhouse-Rd/Beech-Mountain-NC/4T0O3D3Uohy9RcKiHbUtN (0)
[14456:15020:0428/160037.092:INFO:CONSOLE(1)] "%c Map %c %s", source: https://www.411.com/packs/application-2339f8fd48d0b6cd9459.js (1)
[14456:13984:0428/160038.088:WARNING:backend_impl.cc(1853)] Destroying invalid entry.
[14456:15020:0428/160038.646:INFO:CONSOLE(1)] "SW registered: ", source: https://www.411.com/packs/application-2339f8fd48d0b6cd9459.js (1)
[14456:15020:0428/160038.943:INFO:CONSOLE(1)] "%c Map %c %s", source: https://www.411.com/packs/application-2339f8fd48d0b6cd9459.js (1)
[14456:15020:0428/160041.808:INFO:CONSOLE(32)] "a: 0.0068359375ms", source: https://static.adsafeprotected.com/sca.17.4.95.js (32)
[14456:15020:0428/160542.060:WARNING:pref_notifier_impl.cc(23)] Pref observer found at shutdown.
[14456:15020:0428/160542.060:WARNING:pref_notifier_impl.cc(23)] Pref observer found at shutdown.
[14456:15020:0428/160542.060:WARNING:pref_notifier_impl.cc(23)] Pref observer found at shutdown.
